2023-01-19T11:50:09.7734825+04:00	INFO	[Microsoft.Hosting.Lifetime]	[0]	Now listening on: http://localhost:5000
2023-01-19T11:50:09.7851118+04:00	INFO	[Microsoft.Hosting.Lifetime]	[0]	Application started. Press Ctrl+C to shut down.
2023-01-19T11:50:09.7869531+04:00	INFO	[Microsoft.Hosting.Lifetime]	[0]	Hosting environment: Development
2023-01-19T11:50:09.7886602+04:00	INFO	[Microsoft.Hosting.Lifetime]	[0]	Content root path: Z:\Работа\project\Иван\App\AlphaData\AlphaData\alphaData
2023-01-19T16:01:16.1586707+04:00	INFO	[Microsoft.Hosting.Lifetime]	[0]	Now listening on: http://localhost:5000
2023-01-19T16:01:16.1640696+04:00	INFO	[Microsoft.Hosting.Lifetime]	[0]	Application started. Press Ctrl+C to shut down.
2023-01-19T16:01:16.1689896+04:00	INFO	[Microsoft.Hosting.Lifetime]	[0]	Hosting environment: Development
2023-01-19T16:01:16.1709380+04:00	INFO	[Microsoft.Hosting.Lifetime]	[0]	Content root path: Z:\Работа\project\Иван\App\AlphaData\AlphaData\alphaData
2023-01-19T16:06:02.2761322+04:00	FAIL	[Microsoft.AspNetCore.Diagnostics.DeveloperExceptionPageMiddleware]	[UnhandledException]	An unhandled exception has occurred while executing the request.System.IO.DirectoryNotFoundException: Could not find a part of the path 'Z:\20230119\1013\mix_13357_16e009__2023_01_19__10_13_59_990.mp3'.
   at System.IO.FileStream.ValidateFileHandle(SafeFileHandle fileHandle)
   at System.IO.FileStream.CreateFileOpenHandle(FileMode mode, FileShare share, FileOptions options)
   at System.IO.FileStream..ctor(String path, FileMode mode, FileAccess access, FileShare share, Int32 bufferSize, FileOptions options)
   at System.IO.File.ReadAllBytes(String path)
   at alphaData.Controllers.StatisticsController.Download(String mixPath)
   at lambda_method(Closure , Object , Object[] )
   at Microsoft.AspNetCore.Mvc.Infrastructure.ActionMethodExecutor.SyncActionResultExecutor.Execute(IActionResultTypeMapper mapper, ObjectMethodExecutor executor, Object controller, Object[] arguments)
   at Microsoft.AspNetCore.Mvc.Infrastructure.ControllerActionInvoker.InvokeActionMethodAsync()
   at Microsoft.AspNetCore.Mvc.Infrastructure.ControllerActionInvoker.Next(State& next, Scope& scope, Object& state, Boolean& isCompleted)
   at Microsoft.AspNetCore.Mvc.Infrastructure.ControllerActionInvoker.InvokeNextActionFilterAsync()
--- End of stack trace from previous location where exception was thrown ---
   at Microsoft.AspNetCore.Mvc.Infrastructure.ControllerActionInvoker.Rethrow(ActionExecutedContextSealed context)
   at Microsoft.AspNetCore.Mvc.Infrastructure.ControllerActionInvoker.Next(State& next, Scope& scope, Object& state, Boolean& isCompleted)
   at Microsoft.AspNetCore.Mvc.Infrastructure.ControllerActionInvoker.InvokeInnerFilterAsync()
--- End of stack trace from previous location where exception was thrown ---
   at Microsoft.AspNetCore.Mvc.Infrastructure.ResourceInvoker.<InvokeNextResourceFilter>g__Awaited|24_0(ResourceInvoker invoker, Task lastTask, State next, Scope scope, Object state, Boolean isCompleted)
   at Microsoft.AspNetCore.Mvc.Infrastructure.ResourceInvoker.Rethrow(ResourceExecutedContextSealed context)
   at Microsoft.AspNetCore.Mvc.Infrastructure.ResourceInvoker.Next(State& next, Scope& scope, Object& state, Boolean& isCompleted)
   at Microsoft.AspNetCore.Mvc.Infrastructure.ResourceInvoker.InvokeFilterPipelineAsync()
--- End of stack trace from previous location where exception was thrown ---
   at Microsoft.AspNetCore.Mvc.Infrastructure.ResourceInvoker.<InvokeAsync>g__Awaited|17_0(ResourceInvoker invoker, Task task, IDisposable scope)
   at Microsoft.AspNetCore.Builder.RouterMiddleware.Invoke(HttpContext httpContext)
   at Microsoft.AspNetCore.Diagnostics.StatusCodePagesMiddleware.Invoke(HttpContext context)
   at Microsoft.AspNetCore.Diagnostics.DeveloperExceptionPageMiddleware.Invoke(HttpContext context)

2023-01-19T16:35:04.4400062+04:00	INFO	[Microsoft.Hosting.Lifetime]	[0]	Now listening on: http://localhost:5000
2023-01-19T16:35:04.4435556+04:00	INFO	[Microsoft.Hosting.Lifetime]	[0]	Application started. Press Ctrl+C to shut down.
2023-01-19T16:35:04.4456654+04:00	INFO	[Microsoft.Hosting.Lifetime]	[0]	Hosting environment: Development
2023-01-19T16:35:04.4484376+04:00	INFO	[Microsoft.Hosting.Lifetime]	[0]	Content root path: Z:\Работа\project\Иван\App\AlphaData\AlphaData\alphaData
2023-01-19T16:47:57.4834575+04:00	INFO	[Microsoft.Hosting.Lifetime]	[0]	Now listening on: http://localhost:5000
2023-01-19T16:47:57.4867573+04:00	INFO	[Microsoft.Hosting.Lifetime]	[0]	Application started. Press Ctrl+C to shut down.
2023-01-19T16:47:57.4886731+04:00	INFO	[Microsoft.Hosting.Lifetime]	[0]	Hosting environment: Development
2023-01-19T16:47:57.4904089+04:00	INFO	[Microsoft.Hosting.Lifetime]	[0]	Content root path: Z:\Работа\project\Иван\App\AlphaData\AlphaData\alphaData
