2023-01-24T11:09:18.0752699+04:00	INFO	[Microsoft.Hosting.Lifetime]	[0]	Now listening on: http://localhost:5000
2023-01-24T11:09:18.0836401+04:00	INFO	[Microsoft.Hosting.Lifetime]	[0]	Application started. Press Ctrl+C to shut down.
2023-01-24T11:09:18.0855519+04:00	INFO	[Microsoft.Hosting.Lifetime]	[0]	Hosting environment: Development
2023-01-24T11:09:18.0871657+04:00	INFO	[Microsoft.Hosting.Lifetime]	[0]	Content root path: Z:\Работа\project\Иван\App\AlphaData\AlphaData\alphaData
2023-01-24T11:52:33.1223595+04:00	INFO	[Microsoft.Hosting.Lifetime]	[0]	Now listening on: http://localhost:5000
2023-01-24T11:52:33.1248844+04:00	INFO	[Microsoft.Hosting.Lifetime]	[0]	Application started. Press Ctrl+C to shut down.
2023-01-24T11:52:33.1265426+04:00	INFO	[Microsoft.Hosting.Lifetime]	[0]	Hosting environment: Development
2023-01-24T11:52:33.1289041+04:00	INFO	[Microsoft.Hosting.Lifetime]	[0]	Content root path: Z:\Работа\project\Иван\App\AlphaData\AlphaData\alphaData
2023-01-24T12:07:01.9026359+04:00	FAIL	[Microsoft.AspNetCore.Diagnostics.DeveloperExceptionPageMiddleware]	[UnhandledException]	An unhandled exception has occurred while executing the request.System.NullReferenceException: Object reference not set to an instance of an object.
   at alphaData.Controllers.StatisticsController.CallTable(String idTask, DateTime minDtime, DateTime maxDtime) in Z:\Работа\project\Иван\App\AlphaData\AlphaData\alphaData\Controllers\StatisticsController.cs:line 199
   at alphaData.Controllers.StatisticsController.FullTable(String idLk, String idTask, DateTime minDtime, DateTime maxDtime) in Z:\Работа\project\Иван\App\AlphaData\AlphaData\alphaData\Controllers\StatisticsController.cs:line 258
   at alphaData.Controllers.StatisticsController._JournalTable(String typeTable, String idLk, String idTask, String period) in Z:\Работа\project\Иван\App\AlphaData\AlphaData\alphaData\Controllers\StatisticsController.cs:line 164
   at Microsoft.AspNetCore.Mvc.Infrastructure.ActionMethodExecutor.TaskOfIActionResultExecutor.Execute(IActionResultTypeMapper mapper, ObjectMethodExecutor executor, Object controller, Object[] arguments)
   at Microsoft.AspNetCore.Mvc.Infrastructure.ControllerActionInvoker.<InvokeActionMethodAsync>g__Awaited|12_0(ControllerActionInvoker invoker, ValueTask`1 actionResultValueTask)
   at Microsoft.AspNetCore.Mvc.Infrastructure.ControllerActionInvoker.<InvokeNextActionFilterAsync>g__Awaited|10_0(ControllerActionInvoker invoker, Task lastTask, State next, Scope scope, Object state, Boolean isCompleted)
   at Microsoft.AspNetCore.Mvc.Infrastructure.ControllerActionInvoker.Rethrow(ActionExecutedContextSealed context)
   at Microsoft.AspNetCore.Mvc.Infrastructure.ControllerActionInvoker.Next(State& next, Scope& scope, Object& state, Boolean& isCompleted)
   at Microsoft.AspNetCore.Mvc.Infrastructure.ControllerActionInvoker.<InvokeInnerFilterAsync>g__Awaited|13_0(ControllerActionInvoker invoker, Task lastTask, State next, Scope scope, Object state, Boolean isCompleted)
   at Microsoft.AspNetCore.Mvc.Infrastructure.ResourceInvoker.<InvokeNextResourceFilter>g__Awaited|24_0(ResourceInvoker invoker, Task lastTask, State next, Scope scope, Object state, Boolean isCompleted)
   at Microsoft.AspNetCore.Mvc.Infrastructure.ResourceInvoker.Rethrow(ResourceExecutedContextSealed context)
   at Microsoft.AspNetCore.Mvc.Infrastructure.ResourceInvoker.Next(State& next, Scope& scope, Object& state, Boolean& isCompleted)
   at Microsoft.AspNetCore.Mvc.Infrastructure.ResourceInvoker.<InvokeFilterPipelineAsync>g__Awaited|19_0(ResourceInvoker invoker, Task lastTask, State next, Scope scope, Object state, Boolean isCompleted)
   at Microsoft.AspNetCore.Mvc.Infrastructure.ResourceInvoker.<InvokeAsync>g__Awaited|17_0(ResourceInvoker invoker, Task task, IDisposable scope)
   at Microsoft.AspNetCore.Builder.RouterMiddleware.Invoke(HttpContext httpContext)
   at Microsoft.AspNetCore.Diagnostics.StatusCodePagesMiddleware.Invoke(HttpContext context)
   at Microsoft.AspNetCore.Diagnostics.DeveloperExceptionPageMiddleware.Invoke(HttpContext context)

2023-01-24T12:38:00.0160670+04:00	INFO	[Microsoft.Hosting.Lifetime]	[0]	Now listening on: http://localhost:5000
2023-01-24T12:38:00.0193901+04:00	INFO	[Microsoft.Hosting.Lifetime]	[0]	Application started. Press Ctrl+C to shut down.
2023-01-24T12:38:00.0213317+04:00	INFO	[Microsoft.Hosting.Lifetime]	[0]	Hosting environment: Development
2023-01-24T12:38:00.0228180+04:00	INFO	[Microsoft.Hosting.Lifetime]	[0]	Content root path: Z:\Работа\project\Иван\App\AlphaData\AlphaData\alphaData
2023-01-24T13:34:06.3986008+04:00	INFO	[Microsoft.Hosting.Lifetime]	[0]	Now listening on: http://localhost:5000
2023-01-24T13:34:06.4010361+04:00	INFO	[Microsoft.Hosting.Lifetime]	[0]	Application started. Press Ctrl+C to shut down.
2023-01-24T13:34:06.4027329+04:00	INFO	[Microsoft.Hosting.Lifetime]	[0]	Hosting environment: Development
2023-01-24T13:34:06.4043217+04:00	INFO	[Microsoft.Hosting.Lifetime]	[0]	Content root path: Z:\Работа\project\Иван\App\AlphaData\AlphaData\alphaData
